2026-04-16 19:00:45,392 - __main__ - INFO - ================================================================================
2026-04-16 19:00:45,393 - __main__ - INFO - IRC Conversation Disentanglement Training
2026-04-16 19:00:45,393 - __main__ - INFO - ================================================================================
2026-04-16 19:00:45,393 - __main__ - INFO - Mode: dev-only
2026-04-16 19:00:45,393 - __main__ - INFO - Device: cuda
2026-04-16 19:00:45,393 - __main__ - INFO - Model: bert-base-uncased
2026-04-16 19:00:45,393 - __main__ - INFO - Batch size: 8
2026-04-16 19:00:45,393 - __main__ - INFO - Learning rate: 2e-05
2026-04-16 19:00:45,393 - __main__ - INFO - Epochs: 1
2026-04-16 19:00:45,393 - __main__ - INFO - Max dist: 50
2026-04-16 19:00:45,393 - __main__ - INFO - Max length: 128
2026-04-16 19:00:45,393 - __main__ - INFO - Output dir: checkpoints/validation
2026-04-16 19:00:45,393 - __main__ - INFO - Using device: cuda
2026-04-16 19:00:45,393 - __main__ - INFO - Loading tokenizer: bert-base-uncased
2026-04-16 19:00:45,600 - httpx - INFO - HTTP Request: HEAD https://huggingface.co/bert-base-uncased/resolve/main/config.json "HTTP/1.1 200 OK"
2026-04-16 19:00:45,744 - httpx - INFO - HTTP Request: HEAD https://huggingface.co/bert-base-uncased/resolve/main/tokenizer_config.json "HTTP/1.1 200 OK"
2026-04-16 19:00:45,874 - httpx - INFO - HTTP Request: GET https://huggingface.co/api/models/bert-base-uncased/tree/main/additional_chat_templates?recursive=false&expand=false "HTTP/1.1 307 Temporary Redirect"
2026-04-16 19:00:45,993 - httpx - INFO - HTTP Request: GET https://huggingface.co/api/models/google-bert/bert-base-uncased/tree/main/additional_chat_templates?recursive=false&expand=false "HTTP/1.1 404 Not Found"
2026-04-16 19:00:46,123 - httpx - INFO - HTTP Request: GET https://huggingface.co/api/models/bert-base-uncased/tree/main?recursive=true&expand=false "HTTP/1.1 307 Temporary Redirect"
2026-04-16 19:00:46,239 - httpx - INFO - HTTP Request: GET https://huggingface.co/api/models/google-bert/bert-base-uncased/tree/main?recursive=true&expand=false "HTTP/1.1 200 OK"
2026-04-16 19:00:46,360 - __main__ - INFO - Tokenizer loaded: BertTokenizer
2026-04-16 19:00:46,361 - __main__ - INFO - Creating dataloaders...
2026-04-16 19:00:46,361 - __main__ - INFO - Creating dev-only dataloader with 1 file: data/dev/2004-11-15_03.ascii.txt
2026-04-16 19:00:46,361 - __main__ - INFO -   test_start=0, test_end=1000000
2026-04-16 19:00:46,361 - data_loader - INFO - Initializing IRCDisentanglementDataset with 1 files
2026-04-16 19:00:46,361 - data_loader - INFO -   max_dist=50, max_length=128, is_test=False
2026-04-16 19:00:46,361 - data_loader - INFO -   test_start=0, test_end=1000000
2026-04-16 19:00:46,362 - data_loader - INFO - Loading conversation from data/dev/2004-11-15_03.ascii.txt
2026-04-16 19:00:46,363 - data_loader - INFO -   Read 1250 lines from ASCII file
2026-04-16 19:00:46,365 - data_loader - INFO -   Parsed 1250 messages, found 76 unique users
2026-04-16 19:00:46,477 - data_loader - INFO -   Loaded 189 gold links from annotation file
2026-04-16 19:00:46,477 - data_loader - INFO -   Conversation '2004-11-15_03' loaded in 0.11s
2026-04-16 19:00:46,477 - data_loader - INFO -   Creating pairs for 2004-11-15_03: all 1250 messages
2026-04-16 19:00:46,907 - data_loader - INFO -   Created 52962 pairs for 2004-11-15_03
2026-04-16 19:00:46,907 - data_loader - INFO -   File 1/1: 2004-11-15_03 - 1250 messages, 52962 total pairs so far
2026-04-16 19:00:46,907 - data_loader - INFO - Dataset initialization complete: 52962 pairs from 1 conversations in 0.55s
2026-04-16 19:00:46,907 - __main__ - INFO -   Dev dataset created: 52962 pairs
2026-04-16 19:00:46,908 - __main__ - INFO -   Dev dataset: 52962 pairs
2026-04-16 19:00:46,908 - __main__ - INFO - Creating model...
2026-04-16 19:00:47,024 - httpx - INFO - HTTP Request: HEAD https://huggingface.co/bert-base-uncased/resolve/main/config.json "HTTP/1.1 200 OK"
2026-04-16 19:00:47,024 - huggingface_hub.utils._http - WARNING - Warning: You are sending unauthenticated requests to the HF Hub. Please set a HF_TOKEN to enable higher rate limits and faster downloads.
2026-04-16 19:00:47,526 - httpx - INFO - HTTP Request: HEAD https://huggingface.co/bert-base-uncased/resolve/main/config.json "HTTP/1.1 200 OK"
2026-04-16 19:00:47,801 - __main__ - INFO -   Parameters: 109,483,013 trainable, 109,483,013 total
2026-04-16 19:00:47,801 - __main__ - INFO -   BERT hidden size: 768
2026-04-16 19:00:47,801 - __main__ - INFO -   Combined size: 772
2026-04-16 19:00:47,802 - __main__ - INFO - Created AdamW optimizer with lr=2e-05
2026-04-16 19:00:47,802 - __main__ - INFO - Starting training from epoch 1...
2026-04-16 19:00:47,802 - __main__ - INFO - ================================================================================
2026-04-16 19:00:47,802 - __main__ - INFO - Epoch 1/1
2026-04-16 19:00:47,802 - __main__ - INFO - --------------------------------------------------------------------------------
2026-04-16 19:00:47,802 - __main__ - INFO - Evaluating on dev set...
2026-04-16 19:00:47,803 - __main__ - INFO - Starting evaluation on 52962 pairs
2026-04-16 19:00:48,128 - __main__ - INFO -   Evaluation progress: 10/6621 batches (30.74 batches/s)
2026-04-16 19:00:48,226 - __main__ - INFO -   Evaluation progress: 20/6621 batches (47.27 batches/s)
2026-04-16 19:00:48,322 - __main__ - INFO -   Evaluation progress: 30/6621 batches (57.74 batches/s)
2026-04-16 19:00:48,418 - __main__ - INFO -   Evaluation progress: 40/6621 batches (64.96 batches/s)
2026-04-16 19:00:48,521 - __main__ - INFO -   Evaluation progress: 50/6621 batches (69.62 batches/s)
2026-04-16 19:00:48,622 - __main__ - INFO -   Evaluation progress: 60/6621 batches (73.23 batches/s)
2026-04-16 19:00:48,719 - __main__ - INFO -   Evaluation progress: 70/6621 batches (76.39 batches/s)
2026-04-16 19:00:48,814 - __main__ - INFO -   Evaluation progress: 80/6621 batches (79.07 batches/s)
2026-04-16 19:00:48,910 - __main__ - INFO -   Evaluation progress: 90/6621 batches (81.28 batches/s)
2026-04-16 19:00:49,007 - __main__ - INFO -   Evaluation progress: 100/6621 batches (83.03 batches/s)
2026-04-16 19:00:49,104 - __main__ - INFO -   Evaluation progress: 110/6621 batches (84.54 batches/s)
2026-04-16 19:00:49,200 - __main__ - INFO -   Evaluation progress: 120/6621 batches (85.88 batches/s)
2026-04-16 19:00:49,296 - __main__ - INFO -   Evaluation progress: 130/6621 batches (87.07 batches/s)
2026-04-16 19:00:49,394 - __main__ - INFO -   Evaluation progress: 140/6621 batches (87.97 batches/s)
2026-04-16 19:00:49,494 - __main__ - INFO -   Evaluation progress: 150/6621 batches (88.69 batches/s)
2026-04-16 19:00:49,590 - __main__ - INFO -   Evaluation progress: 160/6621 batches (89.51 batches/s)
2026-04-16 19:00:49,687 - __main__ - INFO -   Evaluation progress: 170/6621 batches (90.24 batches/s)
2026-04-16 19:00:49,782 - __main__ - INFO -   Evaluation progress: 180/6621 batches (90.94 batches/s)
2026-04-16 19:00:49,878 - __main__ - INFO -   Evaluation progress: 190/6621 batches (91.53 batches/s)
2026-04-16 19:00:49,975 - __main__ - INFO -   Evaluation progress: 200/6621 batches (92.06 batches/s)
2026-04-16 19:00:50,073 - __main__ - INFO -   Evaluation progress: 210/6621 batches (92.51 batches/s)
2026-04-16 19:00:50,173 - __main__ - INFO -   Evaluation progress: 220/6621 batches (92.80 batches/s)
2026-04-16 19:00:50,272 - __main__ - INFO -   Evaluation progress: 230/6621 batches (93.15 batches/s)
2026-04-16 19:00:50,370 - __main__ - INFO -   Evaluation progress: 240/6621 batches (93.47 batches/s)
2026-04-16 19:00:50,466 - __main__ - INFO -   Evaluation progress: 250/6621 batches (93.88 batches/s)
2026-04-16 19:00:50,561 - __main__ - INFO -   Evaluation progress: 260/6621 batches (94.24 batches/s)
2026-04-16 19:00:50,657 - __main__ - INFO -   Evaluation progress: 270/6621 batches (94.59 batches/s)
2026-04-16 19:00:50,759 - __main__ - INFO -   Evaluation progress: 280/6621 batches (94.72 batches/s)
2026-04-16 19:00:50,856 - __main__ - INFO -   Evaluation progress: 290/6621 batches (94.99 batches/s)
2026-04-16 19:00:50,951 - __main__ - INFO -   Evaluation progress: 300/6621 batches (95.27 batches/s)
2026-04-16 19:00:51,047 - __main__ - INFO -   Evaluation progress: 310/6621 batches (95.54 batches/s)
2026-04-16 19:00:51,144 - __main__ - INFO -   Evaluation progress: 320/6621 batches (95.77 batches/s)
2026-04-16 19:00:51,241 - __main__ - INFO -   Evaluation progress: 330/6621 batches (95.97 batches/s)
2026-04-16 19:00:51,343 - __main__ - INFO -   Evaluation progress: 340/6621 batches (96.04 batches/s)
2026-04-16 19:00:51,442 - __main__ - INFO -   Evaluation progress: 350/6621 batches (96.16 batches/s)
2026-04-16 19:00:51,542 - __main__ - INFO -   Evaluation progress: 360/6621 batches (96.28 batches/s)
2026-04-16 19:00:51,638 - __main__ - INFO -   Evaluation progress: 370/6621 batches (96.47 batches/s)
2026-04-16 19:00:51,734 - __main__ - INFO -   Evaluation progress: 380/6621 batches (96.65 batches/s)
2026-04-16 19:00:51,831 - __main__ - INFO -   Evaluation progress: 390/6621 batches (96.82 batches/s)
2026-04-16 19:00:51,927 - __main__ - INFO -   Evaluation progress: 400/6621 batches (96.97 batches/s)
2026-04-16 19:00:52,023 - __main__ - INFO -   Evaluation progress: 410/6621 batches (97.15 batches/s)
2026-04-16 19:00:52,119 - __main__ - INFO -   Evaluation progress: 420/6621 batches (97.31 batches/s)
2026-04-16 19:00:52,215 - __main__ - INFO -   Evaluation progress: 430/6621 batches (97.45 batches/s)
2026-04-16 19:00:52,311 - __main__ - INFO -   Evaluation progress: 440/6621 batches (97.59 batches/s)
2026-04-16 19:00:52,407 - __main__ - INFO -   Evaluation progress: 450/6621 batches (97.73 batches/s)
2026-04-16 19:00:52,508 - __main__ - INFO -   Evaluation progress: 460/6621 batches (97.77 batches/s)
2026-04-16 19:00:52,604 - __main__ - INFO -   Evaluation progress: 470/6621 batches (97.88 batches/s)
2026-04-16 19:00:52,701 - __main__ - INFO -   Evaluation progress: 480/6621 batches (97.99 batches/s)
2026-04-16 19:00:52,798 - __main__ - INFO -   Evaluation progress: 490/6621 batches (98.09 batches/s)
2026-04-16 19:00:52,896 - __main__ - INFO -   Evaluation progress: 500/6621 batches (98.17 batches/s)
2026-04-16 19:00:52,992 - __main__ - INFO -   Evaluation progress: 510/6621 batches (98.27 batches/s)
2026-04-16 19:00:53,090 - __main__ - INFO -   Evaluation progress: 520/6621 batches (98.35 batches/s)
2026-04-16 19:00:53,188 - __main__ - INFO -   Evaluation progress: 530/6621 batches (98.41 batches/s)
2026-04-16 19:00:53,298 - __main__ - INFO -   Evaluation progress: 540/6621 batches (98.26 batches/s)
2026-04-16 19:00:53,400 - __main__ - INFO -   Evaluation progress: 550/6621 batches (98.26 batches/s)
2026-04-16 19:00:53,501 - __main__ - INFO -   Evaluation progress: 560/6621 batches (98.27 batches/s)
2026-04-16 19:00:53,602 - __main__ - INFO -   Evaluation progress: 570/6621 batches (98.29 batches/s)
2026-04-16 19:00:53,699 - __main__ - INFO -   Evaluation progress: 580/6621 batches (98.37 batches/s)
2026-04-16 19:00:53,795 - __main__ - INFO -   Evaluation progress: 590/6621 batches (98.46 batches/s)
2026-04-16 19:00:53,891 - __main__ - INFO -   Evaluation progress: 600/6621 batches (98.54 batches/s)
2026-04-16 19:00:53,992 - __main__ - INFO -   Evaluation progress: 610/6621 batches (98.56 batches/s)
2026-04-16 19:00:54,090 - __main__ - INFO -   Evaluation progress: 620/6621 batches (98.62 batches/s)
2026-04-16 19:00:54,187 - __main__ - INFO -   Evaluation progress: 630/6621 batches (98.67 batches/s)
2026-04-16 19:00:54,285 - __main__ - INFO -   Evaluation progress: 640/6621 batches (98.73 batches/s)
2026-04-16 19:00:54,381 - __main__ - INFO -   Evaluation progress: 650/6621 batches (98.81 batches/s)
2026-04-16 19:00:54,477 - __main__ - INFO -   Evaluation progress: 660/6621 batches (98.88 batches/s)
2026-04-16 19:00:54,574 - __main__ - INFO -   Evaluation progress: 670/6621 batches (98.95 batches/s)
2026-04-16 19:00:54,670 - __main__ - INFO -   Evaluation progress: 680/6621 batches (99.01 batches/s)
2026-04-16 19:00:54,768 - __main__ - INFO -   Evaluation progress: 690/6621 batches (99.07 batches/s)
2026-04-16 19:00:54,865 - __main__ - INFO -   Evaluation progress: 700/6621 batches (99.11 batches/s)
2026-04-16 19:00:54,962 - __main__ - INFO -   Evaluation progress: 710/6621 batches (99.17 batches/s)
2026-04-16 19:00:55,060 - __main__ - INFO -   Evaluation progress: 720/6621 batches (99.21 batches/s)
2026-04-16 19:00:55,157 - __main__ - INFO -   Evaluation progress: 730/6621 batches (99.26 batches/s)
2026-04-16 19:00:55,254 - __main__ - INFO -   Evaluation progress: 740/6621 batches (99.31 batches/s)
2026-04-16 19:00:55,350 - __main__ - INFO -   Evaluation progress: 750/6621 batches (99.37 batches/s)
2026-04-16 19:00:55,452 - __main__ - INFO -   Evaluation progress: 760/6621 batches (99.35 batches/s)
2026-04-16 19:00:55,554 - __main__ - INFO -   Evaluation progress: 770/6621 batches (99.34 batches/s)
2026-04-16 19:00:55,654 - __main__ - INFO -   Evaluation progress: 780/6621 batches (99.34 batches/s)
2026-04-16 19:00:55,755 - __main__ - INFO -   Evaluation progress: 790/6621 batches (99.34 batches/s)
2026-04-16 19:00:55,856 - __main__ - INFO -   Evaluation progress: 800/6621 batches (99.34 batches/s)
2026-04-16 19:00:55,954 - __main__ - INFO -   Evaluation progress: 810/6621 batches (99.37 batches/s)
2026-04-16 19:00:56,054 - __main__ - INFO -   Evaluation progress: 820/6621 batches (99.37 batches/s)
2026-04-16 19:00:56,152 - __main__ - INFO -   Evaluation progress: 830/6621 batches (99.41 batches/s)
2026-04-16 19:00:56,252 - __main__ - INFO -   Evaluation progress: 840/6621 batches (99.42 batches/s)
2026-04-16 19:00:56,350 - __main__ - INFO -   Evaluation progress: 850/6621 batches (99.45 batches/s)
2026-04-16 19:00:56,449 - __main__ - INFO -   Evaluation progress: 860/6621 batches (99.46 batches/s)
2026-04-16 19:00:56,546 - __main__ - INFO -   Evaluation progress: 870/6621 batches (99.50 batches/s)
2026-04-16 19:00:56,644 - __main__ - INFO -   Evaluation progress: 880/6621 batches (99.54 batches/s)
2026-04-16 19:00:56,741 - __main__ - INFO -   Evaluation progress: 890/6621 batches (99.57 batches/s)
2026-04-16 19:00:56,840 - __main__ - INFO -   Evaluation progress: 900/6621 batches (99.58 batches/s)
2026-04-16 19:00:56,939 - __main__ - INFO -   Evaluation progress: 910/6621 batches (99.60 batches/s)
2026-04-16 19:00:57,038 - __main__ - INFO -   Evaluation progress: 920/6621 batches (99.62 batches/s)
2026-04-16 19:00:57,136 - __main__ - INFO -   Evaluation progress: 930/6621 batches (99.64 batches/s)
2026-04-16 19:00:57,234 - __main__ - INFO -   Evaluation progress: 940/6621 batches (99.67 batches/s)
2026-04-16 19:00:57,333 - __main__ - INFO -   Evaluation progress: 950/6621 batches (99.68 batches/s)
2026-04-16 19:00:57,435 - __main__ - INFO -   Evaluation progress: 960/6621 batches (99.66 batches/s)
2026-04-16 19:00:57,539 - __main__ - INFO -   Evaluation progress: 970/6621 batches (99.63 batches/s)
2026-04-16 19:00:57,640 - __main__ - INFO -   Evaluation progress: 980/6621 batches (99.62 batches/s)
2026-04-16 19:00:57,742 - __main__ - INFO -   Evaluation progress: 990/6621 batches (99.60 batches/s)
2026-04-16 19:00:57,843 - __main__ - INFO -   Evaluation progress: 1000/6621 batches (99.60 batches/s)
2026-04-16 19:00:57,947 - __main__ - INFO -   Evaluation progress: 1010/6621 batches (99.56 batches/s)
2026-04-16 19:00:58,051 - __main__ - INFO -   Evaluation progress: 1020/6621 batches (99.52 batches/s)
2026-04-16 19:00:58,154 - __main__ - INFO -   Evaluation progress: 1030/6621 batches (99.50 batches/s)
2026-04-16 19:00:58,256 - __main__ - INFO -   Evaluation progress: 1040/6621 batches (99.49 batches/s)
2026-04-16 19:00:58,357 - __main__ - INFO -   Evaluation progress: 1050/6621 batches (99.49 batches/s)
2026-04-16 19:00:58,457 - __main__ - INFO -   Evaluation progress: 1060/6621 batches (99.49 batches/s)
2026-04-16 19:00:58,558 - __main__ - INFO -   Evaluation progress: 1070/6621 batches (99.48 batches/s)
2026-04-16 19:00:58,658 - __main__ - INFO -   Evaluation progress: 1080/6621 batches (99.49 batches/s)
2026-04-16 19:00:58,757 - __main__ - INFO -   Evaluation progress: 1090/6621 batches (99.50 batches/s)
2026-04-16 19:00:58,858 - __main__ - INFO -   Evaluation progress: 1100/6621 batches (99.50 batches/s)
2026-04-16 19:00:58,959 - __main__ - INFO -   Evaluation progress: 1110/6621 batches (99.49 batches/s)
2026-04-16 19:00:59,061 - __main__ - INFO -   Evaluation progress: 1120/6621 batches (99.48 batches/s)
2026-04-16 19:00:59,163 - __main__ - INFO -   Evaluation progress: 1130/6621 batches (99.47 batches/s)
2026-04-16 19:00:59,264 - __main__ - INFO -   Evaluation progress: 1140/6621 batches (99.46 batches/s)
2026-04-16 19:00:59,366 - __main__ - INFO -   Evaluation progress: 1150/6621 batches (99.45 batches/s)
2026-04-16 19:00:59,467 - __main__ - INFO -   Evaluation progress: 1160/6621 batches (99.45 batches/s)
2026-04-16 19:00:59,568 - __main__ - INFO -   Evaluation progress: 1170/6621 batches (99.44 batches/s)
2026-04-16 19:00:59,672 - __main__ - INFO -   Evaluation progress: 1180/6621 batches (99.42 batches/s)
2026-04-16 19:00:59,775 - __main__ - INFO -   Evaluation progress: 1190/6621 batches (99.40 batches/s)
2026-04-16 19:00:59,877 - __main__ - INFO -   Evaluation progress: 1200/6621 batches (99.38 batches/s)
2026-04-16 19:00:59,978 - __main__ - INFO -   Evaluation progress: 1210/6621 batches (99.38 batches/s)
2026-04-16 19:01:00,079 - __main__ - INFO -   Evaluation progress: 1220/6621 batches (99.38 batches/s)
2026-04-16 19:01:00,179 - __main__ - INFO -   Evaluation progress: 1230/6621 batches (99.39 batches/s)
2026-04-16 19:01:00,278 - __main__ - INFO -   Evaluation progress: 1240/6621 batches (99.40 batches/s)
2026-04-16 19:01:00,378 - __main__ - INFO -   Evaluation progress: 1250/6621 batches (99.40 batches/s)
2026-04-16 19:01:00,480 - __main__ - INFO -   Evaluation progress: 1260/6621 batches (99.39 batches/s)
2026-04-16 19:01:00,579 - __main__ - INFO -   Evaluation progress: 1270/6621 batches (99.40 batches/s)
2026-04-16 19:01:00,680 - __main__ - INFO -   Evaluation progress: 1280/6621 batches (99.40 batches/s)
2026-04-16 19:01:00,780 - __main__ - INFO -   Evaluation progress: 1290/6621 batches (99.40 batches/s)
2026-04-16 19:01:00,878 - __main__ - INFO -   Evaluation progress: 1300/6621 batches (99.42 batches/s)
2026-04-16 19:01:00,980 - __main__ - INFO -   Evaluation progress: 1310/6621 batches (99.41 batches/s)
2026-04-16 19:01:01,081 - __main__ - INFO -   Evaluation progress: 1320/6621 batches (99.41 batches/s)
2026-04-16 19:01:01,180 - __main__ - INFO -   Evaluation progress: 1330/6621 batches (99.42 batches/s)
2026-04-16 19:01:01,285 - __main__ - INFO -   Evaluation progress: 1340/6621 batches (99.39 batches/s)
2026-04-16 19:01:01,388 - __main__ - INFO -   Evaluation progress: 1350/6621 batches (99.37 batches/s)
2026-04-16 19:01:01,486 - __main__ - INFO -   Evaluation progress: 1360/6621 batches (99.39 batches/s)
2026-04-16 19:01:01,587 - __main__ - INFO -   Evaluation progress: 1370/6621 batches (99.38 batches/s)
2026-04-16 19:01:01,689 - __main__ - INFO -   Evaluation progress: 1380/6621 batches (99.38 batches/s)
2026-04-16 19:01:01,787 - __main__ - INFO -   Evaluation progress: 1390/6621 batches (99.40 batches/s)
2026-04-16 19:01:01,886 - __main__ - INFO -   Evaluation progress: 1400/6621 batches (99.41 batches/s)
2026-04-16 19:01:01,985 - __main__ - INFO -   Evaluation progress: 1410/6621 batches (99.42 batches/s)
2026-04-16 19:01:02,084 - __main__ - INFO -   Evaluation progress: 1420/6621 batches (99.43 batches/s)
2026-04-16 19:01:02,186 - __main__ - INFO -   Evaluation progress: 1430/6621 batches (99.42 batches/s)
2026-04-16 19:01:02,287 - __main__ - INFO -   Evaluation progress: 1440/6621 batches (99.42 batches/s)
2026-04-16 19:01:02,386 - __main__ - INFO -   Evaluation progress: 1450/6621 batches (99.43 batches/s)
2026-04-16 19:01:02,487 - __main__ - INFO -   Evaluation progress: 1460/6621 batches (99.42 batches/s)
2026-04-16 19:01:02,589 - __main__ - INFO -   Evaluation progress: 1470/6621 batches (99.42 batches/s)
2026-04-16 19:01:02,687 - __main__ - INFO -   Evaluation progress: 1480/6621 batches (99.43 batches/s)
2026-04-16 19:01:02,791 - __main__ - INFO -   Evaluation progress: 1490/6621 batches (99.41 batches/s)
2026-04-16 19:01:02,891 - __main__ - INFO -   Evaluation progress: 1500/6621 batches (99.42 batches/s)
2026-04-16 19:01:02,991 - __main__ - INFO -   Evaluation progress: 1510/6621 batches (99.42 batches/s)
2026-04-16 19:01:03,091 - __main__ - INFO -   Evaluation progress: 1520/6621 batches (99.42 batches/s)
2026-04-16 19:01:03,193 - __main__ - INFO -   Evaluation progress: 1530/6621 batches (99.41 batches/s)
2026-04-16 19:01:03,293 - __main__ - INFO -   Evaluation progress: 1540/6621 batches (99.42 batches/s)
2026-04-16 19:01:03,392 - __main__ - INFO -   Evaluation progress: 1550/6621 batches (99.43 batches/s)
2026-04-16 19:01:03,495 - __main__ - INFO -   Evaluation progress: 1560/6621 batches (99.41 batches/s)
2026-04-16 19:01:03,596 - __main__ - INFO -   Evaluation progress: 1570/6621 batches (99.41 batches/s)
2026-04-16 19:01:03,697 - __main__ - INFO -   Evaluation progress: 1580/6621 batches (99.41 batches/s)
2026-04-16 19:01:03,801 - __main__ - INFO -   Evaluation progress: 1590/6621 batches (99.38 batches/s)
2026-04-16 19:01:03,902 - __main__ - INFO -   Evaluation progress: 1600/6621 batches (99.38 batches/s)
2026-04-16 19:01:04,003 - __main__ - INFO -   Evaluation progress: 1610/6621 batches (99.38 batches/s)
2026-04-16 19:01:04,103 - __main__ - INFO -   Evaluation progress: 1620/6621 batches (99.38 batches/s)
2026-04-16 19:01:04,204 - __main__ - INFO -   Evaluation progress: 1630/6621 batches (99.38 batches/s)
2026-04-16 19:01:04,303 - __main__ - INFO -   Evaluation progress: 1640/6621 batches (99.39 batches/s)
2026-04-16 19:01:04,405 - __main__ - INFO -   Evaluation progress: 1650/6621 batches (99.39 batches/s)
2026-04-16 19:01:04,508 - __main__ - INFO -   Evaluation progress: 1660/6621 batches (99.37 batches/s)
2026-04-16 19:01:04,611 - __main__ - INFO -   Evaluation progress: 1670/6621 batches (99.35 batches/s)
2026-04-16 19:01:04,709 - __main__ - INFO -   Evaluation progress: 1680/6621 batches (99.37 batches/s)
2026-04-16 19:01:04,810 - __main__ - INFO -   Evaluation progress: 1690/6621 batches (99.37 batches/s)
2026-04-16 19:01:04,913 - __main__ - INFO -   Evaluation progress: 1700/6621 batches (99.36 batches/s)
2026-04-16 19:01:05,011 - __main__ - INFO -   Evaluation progress: 1710/6621 batches (99.37 batches/s)
2026-04-16 19:01:05,112 - __main__ - INFO -   Evaluation progress: 1720/6621 batches (99.37 batches/s)
2026-04-16 19:01:05,212 - __main__ - INFO -   Evaluation progress: 1730/6621 batches (99.37 batches/s)
2026-04-16 19:01:05,311 - __main__ - INFO -   Evaluation progress: 1740/6621 batches (99.38 batches/s)
2026-04-16 19:01:05,410 - __main__ - INFO -   Evaluation progress: 1750/6621 batches (99.39 batches/s)
2026-04-16 19:01:05,510 - __main__ - INFO -   Evaluation progress: 1760/6621 batches (99.39 batches/s)
2026-04-16 19:01:05,610 - __main__ - INFO -   Evaluation progress: 1770/6621 batches (99.40 batches/s)
2026-04-16 19:01:05,707 - __main__ - INFO -   Evaluation progress: 1780/6621 batches (99.41 batches/s)
2026-04-16 19:01:05,810 - __main__ - INFO -   Evaluation progress: 1790/6621 batches (99.40 batches/s)
2026-04-16 19:01:05,909 - __main__ - INFO -   Evaluation progress: 1800/6621 batches (99.41 batches/s)
2026-04-16 19:01:06,007 - __main__ - INFO -   Evaluation progress: 1810/6621 batches (99.43 batches/s)
2026-04-16 19:01:06,108 - __main__ - INFO -   Evaluation progress: 1820/6621 batches (99.42 batches/s)
2026-04-16 19:01:06,210 - __main__ - INFO -   Evaluation progress: 1830/6621 batches (99.42 batches/s)
2026-04-16 19:01:06,310 - __main__ - INFO -   Evaluation progress: 1840/6621 batches (99.42 batches/s)
2026-04-16 19:01:06,412 - __main__ - INFO -   Evaluation progress: 1850/6621 batches (99.41 batches/s)
2026-04-16 19:01:06,512 - __main__ - INFO -   Evaluation progress: 1860/6621 batches (99.42 batches/s)
2026-04-16 19:01:06,610 - __main__ - INFO -   Evaluation progress: 1870/6621 batches (99.43 batches/s)
2026-04-16 19:01:06,709 - __main__ - INFO -   Evaluation progress: 1880/6621 batches (99.44 batches/s)
2026-04-16 19:01:06,806 - __main__ - INFO -   Evaluation progress: 1890/6621 batches (99.46 batches/s)
2026-04-16 19:01:06,908 - __main__ - INFO -   Evaluation progress: 1900/6621 batches (99.45 batches/s)
2026-04-16 19:01:07,007 - __main__ - INFO -   Evaluation progress: 1910/6621 batches (99.46 batches/s)
2026-04-16 19:01:07,107 - __main__ - INFO -   Evaluation progress: 1920/6621 batches (99.46 batches/s)
2026-04-16 19:01:07,209 - __main__ - INFO -   Evaluation progress: 1930/6621 batches (99.45 batches/s)
2026-04-16 19:01:07,309 - __main__ - INFO -   Evaluation progress: 1940/6621 batches (99.45 batches/s)
2026-04-16 19:01:07,409 - __main__ - INFO -   Evaluation progress: 1950/6621 batches (99.45 batches/s)
2026-04-16 19:01:07,509 - __main__ - INFO -   Evaluation progress: 1960/6621 batches (99.46 batches/s)
2026-04-16 19:01:07,607 - __main__ - INFO -   Evaluation progress: 1970/6621 batches (99.47 batches/s)
2026-04-16 19:01:07,705 - __main__ - INFO -   Evaluation progress: 1980/6621 batches (99.49 batches/s)
2026-04-16 19:01:07,802 - __main__ - INFO -   Evaluation progress: 1990/6621 batches (99.50 batches/s)
2026-04-16 19:01:07,901 - __main__ - INFO -   Evaluation progress: 2000/6621 batches (99.51 batches/s)
2026-04-16 19:01:08,003 - __main__ - INFO -   Evaluation progress: 2010/6621 batches (99.50 batches/s)
2026-04-16 19:01:08,106 - __main__ - INFO -   Evaluation progress: 2020/6621 batches (99.49 batches/s)
2026-04-16 19:01:08,208 - __main__ - INFO -   Evaluation progress: 2030/6621 batches (99.48 batches/s)
2026-04-16 19:01:08,310 - __main__ - INFO -   Evaluation progress: 2040/6621 batches (99.48 batches/s)
2026-04-16 19:01:08,412 - __main__ - INFO -   Evaluation progress: 2050/6621 batches (99.47 batches/s)
2026-04-16 19:01:08,515 - __main__ - INFO -   Evaluation progress: 2060/6621 batches (99.46 batches/s)
2026-04-16 19:01:08,618 - __main__ - INFO -   Evaluation progress: 2070/6621 batches (99.45 batches/s)
2026-04-16 19:01:08,719 - __main__ - INFO -   Evaluation progress: 2080/6621 batches (99.44 batches/s)
2026-04-16 19:01:08,821 - __main__ - INFO -   Evaluation progress: 2090/6621 batches (99.43 batches/s)
2026-04-16 19:01:08,922 - __main__ - INFO -   Evaluation progress: 2100/6621 batches (99.43 batches/s)
2026-04-16 19:01:09,023 - __main__ - INFO -   Evaluation progress: 2110/6621 batches (99.43 batches/s)
2026-04-16 19:01:09,126 - __main__ - INFO -   Evaluation progress: 2120/6621 batches (99.42 batches/s)
2026-04-16 19:01:09,228 - __main__ - INFO -   Evaluation progress: 2130/6621 batches (99.41 batches/s)
2026-04-16 19:01:09,329 - __main__ - INFO -   Evaluation progress: 2140/6621 batches (99.41 batches/s)
2026-04-16 19:01:09,431 - __main__ - INFO -   Evaluation progress: 2150/6621 batches (99.41 batches/s)
2026-04-16 19:01:09,531 - __main__ - INFO -   Evaluation progress: 2160/6621 batches (99.41 batches/s)
2026-04-16 19:01:09,630 - __main__ - INFO -   Evaluation progress: 2170/6621 batches (99.42 batches/s)
2026-04-16 19:01:09,727 - __main__ - INFO -   Evaluation progress: 2180/6621 batches (99.43 batches/s)
2026-04-16 19:01:09,825 - __main__ - INFO -   Evaluation progress: 2190/6621 batches (99.45 batches/s)
2026-04-16 19:01:09,925 - __main__ - INFO -   Evaluation progress: 2200/6621 batches (99.45 batches/s)
2026-04-16 19:01:10,021 - __main__ - INFO -   Evaluation progress: 2210/6621 batches (99.47 batches/s)
2026-04-16 19:01:10,118 - __main__ - INFO -   Evaluation progress: 2220/6621 batches (99.48 batches/s)
2026-04-16 19:01:10,219 - __main__ - INFO -   Evaluation progress: 2230/6621 batches (99.48 batches/s)
2026-04-16 19:01:10,316 - __main__ - INFO -   Evaluation progress: 2240/6621 batches (99.50 batches/s)
2026-04-16 19:01:10,412 - __main__ - INFO -   Evaluation progress: 2250/6621 batches (99.51 batches/s)
2026-04-16 19:01:10,508 - __main__ - INFO -   Evaluation progress: 2260/6621 batches (99.53 batches/s)
2026-04-16 19:01:10,607 - __main__ - INFO -   Evaluation progress: 2270/6621 batches (99.54 batches/s)
2026-04-16 19:01:10,703 - __main__ - INFO -   Evaluation progress: 2280/6621 batches (99.56 batches/s)
2026-04-16 19:01:10,800 - __main__ - INFO -   Evaluation progress: 2290/6621 batches (99.58 batches/s)
2026-04-16 19:01:10,898 - __main__ - INFO -   Evaluation progress: 2300/6621 batches (99.59 batches/s)
2026-04-16 19:01:10,994 - __main__ - INFO -   Evaluation progress: 2310/6621 batches (99.61 batches/s)
2026-04-16 19:01:11,091 - __main__ - INFO -   Evaluation progress: 2320/6621 batches (99.62 batches/s)
2026-04-16 19:01:11,187 - __main__ - INFO -   Evaluation progress: 2330/6621 batches (99.64 batches/s)
2026-04-16 19:01:11,283 - __main__ - INFO -   Evaluation progress: 2340/6621 batches (99.66 batches/s)
2026-04-16 19:01:11,379 - __main__ - INFO -   Evaluation progress: 2350/6621 batches (99.68 batches/s)
2026-04-16 19:01:11,476 - __main__ - INFO -   Evaluation progress: 2360/6621 batches (99.69 batches/s)
2026-04-16 19:01:11,572 - __main__ - INFO -   Evaluation progress: 2370/6621 batches (99.71 batches/s)
2026-04-16 19:01:11,668 - __main__ - INFO -   Evaluation progress: 2380/6621 batches (99.73 batches/s)
2026-04-16 19:01:11,764 - __main__ - INFO -   Evaluation progress: 2390/6621 batches (99.74 batches/s)
2026-04-16 19:01:11,861 - __main__ - INFO -   Evaluation progress: 2400/6621 batches (99.76 batches/s)
2026-04-16 19:01:11,959 - __main__ - INFO -   Evaluation progress: 2410/6621 batches (99.77 batches/s)
2026-04-16 19:01:12,058 - __main__ - INFO -   Evaluation progress: 2420/6621 batches (99.77 batches/s)
2026-04-16 19:01:12,157 - __main__ - INFO -   Evaluation progress: 2430/6621 batches (99.78 batches/s)
2026-04-16 19:01:12,257 - __main__ - INFO -   Evaluation progress: 2440/6621 batches (99.78 batches/s)
2026-04-16 19:01:12,358 - __main__ - INFO -   Evaluation progress: 2450/6621 batches (99.78 batches/s)
2026-04-16 19:01:12,457 - __main__ - INFO -   Evaluation progress: 2460/6621 batches (99.78 batches/s)
2026-04-16 19:01:12,559 - __main__ - INFO -   Evaluation progress: 2470/6621 batches (99.77 batches/s)
2026-04-16 19:01:12,660 - __main__ - INFO -   Evaluation progress: 2480/6621 batches (99.77 batches/s)
2026-04-16 19:01:12,761 - __main__ - INFO -   Evaluation progress: 2490/6621 batches (99.77 batches/s)
2026-04-16 19:01:12,863 - __main__ - INFO -   Evaluation progress: 2500/6621 batches (99.76 batches/s)
2026-04-16 19:01:12,965 - __main__ - INFO -   Evaluation progress: 2510/6621 batches (99.75 batches/s)
2026-04-16 19:01:13,068 - __main__ - INFO -   Evaluation progress: 2520/6621 batches (99.74 batches/s)
2026-04-16 19:01:13,175 - __main__ - INFO -   Evaluation progress: 2530/6621 batches (99.71 batches/s)
2026-04-16 19:01:13,274 - __main__ - INFO -   Evaluation progress: 2540/6621 batches (99.72 batches/s)
2026-04-16 19:01:13,375 - __main__ - INFO -   Evaluation progress: 2550/6621 batches (99.72 batches/s)
2026-04-16 19:01:13,476 - __main__ - INFO -   Evaluation progress: 2560/6621 batches (99.71 batches/s)
2026-04-16 19:01:13,576 - __main__ - INFO -   Evaluation progress: 2570/6621 batches (99.72 batches/s)
2026-04-16 19:01:13,677 - __main__ - INFO -   Evaluation progress: 2580/6621 batches (99.71 batches/s)
2026-04-16 19:01:13,778 - __main__ - INFO -   Evaluation progress: 2590/6621 batches (99.71 batches/s)
2026-04-16 19:01:13,878 - __main__ - INFO -   Evaluation progress: 2600/6621 batches (99.71 batches/s)
2026-04-16 19:01:13,977 - __main__ - INFO -   Evaluation progress: 2610/6621 batches (99.71 batches/s)
2026-04-16 19:01:14,077 - __main__ - INFO -   Evaluation progress: 2620/6621 batches (99.72 batches/s)
2026-04-16 19:01:14,178 - __main__ - INFO -   Evaluation progress: 2630/6621 batches (99.72 batches/s)
2026-04-16 19:01:14,282 - __main__ - INFO -   Evaluation progress: 2640/6621 batches (99.70 batches/s)
2026-04-16 19:01:14,386 - __main__ - INFO -   Evaluation progress: 2650/6621 batches (99.69 batches/s)
2026-04-16 19:01:14,486 - __main__ - INFO -   Evaluation progress: 2660/6621 batches (99.69 batches/s)
2026-04-16 19:01:14,584 - __main__ - INFO -   Evaluation progress: 2670/6621 batches (99.70 batches/s)
2026-04-16 19:01:14,684 - __main__ - INFO -   Evaluation progress: 2680/6621 batches (99.70 batches/s)
2026-04-16 19:01:14,801 - __main__ - INFO -   Evaluation progress: 2690/6621 batches (99.63 batches/s)
2026-04-16 19:01:14,903 - __main__ - INFO -   Evaluation progress: 2700/6621 batches (99.63 batches/s)
2026-04-16 19:01:15,002 - __main__ - INFO -   Evaluation progress: 2710/6621 batches (99.63 batches/s)
2026-04-16 19:01:15,104 - __main__ - INFO -   Evaluation progress: 2720/6621 batches (99.63 batches/s)
2026-04-16 19:01:15,206 - __main__ - INFO -   Evaluation progress: 2730/6621 batches (99.62 batches/s)
2026-04-16 19:01:15,308 - __main__ - INFO -   Evaluation progress: 2740/6621 batches (99.62 batches/s)
2026-04-16 19:01:15,412 - __main__ - INFO -   Evaluation progress: 2750/6621 batches (99.60 batches/s)
2026-04-16 19:01:15,514 - __main__ - INFO -   Evaluation progress: 2760/6621 batches (99.60 batches/s)
2026-04-16 19:01:15,613 - __main__ - INFO -   Evaluation progress: 2770/6621 batches (99.60 batches/s)
2026-04-16 19:01:15,711 - __main__ - INFO -   Evaluation progress: 2780/6621 batches (99.61 batches/s)
2026-04-16 19:01:15,813 - __main__ - INFO -   Evaluation progress: 2790/6621 batches (99.61 batches/s)
2026-04-16 19:01:15,914 - __main__ - INFO -   Evaluation progress: 2800/6621 batches (99.60 batches/s)
2026-04-16 19:01:16,013 - __main__ - INFO -   Evaluation progress: 2810/6621 batches (99.61 batches/s)
2026-04-16 19:01:16,114 - __main__ - INFO -   Evaluation progress: 2820/6621 batches (99.61 batches/s)
2026-04-16 19:01:16,218 - __main__ - INFO -   Evaluation progress: 2830/6621 batches (99.59 batches/s)
2026-04-16 19:01:16,318 - __main__ - INFO -   Evaluation progress: 2840/6621 batches (99.60 batches/s)
2026-04-16 19:01:16,417 - __main__ - INFO -   Evaluation progress: 2850/6621 batches (99.60 batches/s)
2026-04-16 19:01:16,517 - __main__ - INFO -   Evaluation progress: 2860/6621 batches (99.60 batches/s)
2026-04-16 19:01:16,619 - __main__ - INFO -   Evaluation progress: 2870/6621 batches (99.60 batches/s)
2026-04-16 19:01:16,718 - __main__ - INFO -   Evaluation progress: 2880/6621 batches (99.60 batches/s)
2026-04-16 19:01:16,816 - __main__ - INFO -   Evaluation progress: 2890/6621 batches (99.61 batches/s)
2026-04-16 19:01:16,919 - __main__ - INFO -   Evaluation progress: 2900/6621 batches (99.60 batches/s)
2026-04-16 19:01:17,021 - __main__ - INFO -   Evaluation progress: 2910/6621 batches (99.59 batches/s)
2026-04-16 19:01:17,125 - __main__ - INFO -   Evaluation progress: 2920/6621 batches (99.58 batches/s)
2026-04-16 19:01:17,227 - __main__ - INFO -   Evaluation progress: 2930/6621 batches (99.58 batches/s)
2026-04-16 19:01:17,329 - __main__ - INFO -   Evaluation progress: 2940/6621 batches (99.57 batches/s)
2026-04-16 19:01:17,430 - __main__ - INFO -   Evaluation progress: 2950/6621 batches (99.57 batches/s)
2026-04-16 19:01:17,531 - __main__ - INFO -   Evaluation progress: 2960/6621 batches (99.57 batches/s)
2026-04-16 19:01:17,633 - __main__ - INFO -   Evaluation progress: 2970/6621 batches (99.56 batches/s)
2026-04-16 19:01:17,734 - __main__ - INFO -   Evaluation progress: 2980/6621 batches (99.56 batches/s)
2026-04-16 19:01:17,834 - __main__ - INFO -   Evaluation progress: 2990/6621 batches (99.56 batches/s)
2026-04-16 19:01:17,933 - __main__ - INFO -   Evaluation progress: 3000/6621 batches (99.57 batches/s)
2026-04-16 19:01:18,033 - __main__ - INFO -   Evaluation progress: 3010/6621 batches (99.57 batches/s)
2026-04-16 19:01:18,135 - __main__ - INFO -   Evaluation progress: 3020/6621 batches (99.56 batches/s)
2026-04-16 19:01:18,238 - __main__ - INFO -   Evaluation progress: 3030/6621 batches (99.56 batches/s)
2026-04-16 19:01:18,339 - __main__ - INFO -   Evaluation progress: 3040/6621 batches (99.55 batches/s)
2026-04-16 19:01:18,441 - __main__ - INFO -   Evaluation progress: 3050/6621 batches (99.55 batches/s)
2026-04-16 19:01:18,539 - __main__ - INFO -   Evaluation progress: 3060/6621 batches (99.56 batches/s)
2026-04-16 19:01:18,639 - __main__ - INFO -   Evaluation progress: 3070/6621 batches (99.56 batches/s)
2026-04-16 19:01:18,741 - __main__ - INFO -   Evaluation progress: 3080/6621 batches (99.55 batches/s)
2026-04-16 19:01:18,840 - __main__ - INFO -   Evaluation progress: 3090/6621 batches (99.56 batches/s)
2026-04-16 19:01:18,942 - __main__ - INFO -   Evaluation progress: 3100/6621 batches (99.55 batches/s)
2026-04-16 19:01:19,044 - __main__ - INFO -   Evaluation progress: 3110/6621 batches (99.55 batches/s)
2026-04-16 19:01:19,145 - __main__ - INFO -   Evaluation progress: 3120/6621 batches (99.55 batches/s)
2026-04-16 19:01:19,247 - __main__ - INFO -   Evaluation progress: 3130/6621 batches (99.54 batches/s)
2026-04-16 19:01:19,348 - __main__ - INFO -   Evaluation progress: 3140/6621 batches (99.54 batches/s)
2026-04-16 19:01:19,451 - __main__ - INFO -   Evaluation progress: 3150/6621 batches (99.53 batches/s)
2026-04-16 19:01:19,551 - __main__ - INFO -   Evaluation progress: 3160/6621 batches (99.53 batches/s)
2026-04-16 19:01:19,651 - __main__ - INFO -   Evaluation progress: 3170/6621 batches (99.53 batches/s)
2026-04-16 19:01:19,752 - __main__ - INFO -   Evaluation progress: 3180/6621 batches (99.53 batches/s)
2026-04-16 19:01:19,854 - __main__ - INFO -   Evaluation progress: 3190/6621 batches (99.53 batches/s)
2026-04-16 19:01:19,955 - __main__ - INFO -   Evaluation progress: 3200/6621 batches (99.53 batches/s)
2026-04-16 19:01:20,055 - __main__ - INFO -   Evaluation progress: 3210/6621 batches (99.53 batches/s)
2026-04-16 19:01:20,157 - __main__ - INFO -   Evaluation progress: 3220/6621 batches (99.52 batches/s)
2026-04-16 19:01:20,258 - __main__ - INFO -   Evaluation progress: 3230/6621 batches (99.52 batches/s)
2026-04-16 19:01:20,358 - __main__ - INFO -   Evaluation progress: 3240/6621 batches (99.52 batches/s)
2026-04-16 19:01:20,462 - __main__ - INFO -   Evaluation progress: 3250/6621 batches (99.51 batches/s)
2026-04-16 19:01:20,564 - __main__ - INFO -   Evaluation progress: 3260/6621 batches (99.51 batches/s)
2026-04-16 19:01:20,667 - __main__ - INFO -   Evaluation progress: 3270/6621 batches (99.50 batches/s)
2026-04-16 19:01:20,767 - __main__ - INFO -   Evaluation progress: 3280/6621 batches (99.50 batches/s)
2026-04-16 19:01:20,869 - __main__ - INFO -   Evaluation progress: 3290/6621 batches (99.50 batches/s)
2026-04-16 19:01:20,972 - __main__ - INFO -   Evaluation progress: 3300/6621 batches (99.49 batches/s)
2026-04-16 19:01:21,074 - __main__ - INFO -   Evaluation progress: 3310/6621 batches (99.48 batches/s)
2026-04-16 19:01:21,177 - __main__ - INFO -   Evaluation progress: 3320/6621 batches (99.48 batches/s)
2026-04-16 19:01:21,282 - __main__ - INFO -   Evaluation progress: 3330/6621 batches (99.47 batches/s)
2026-04-16 19:01:21,385 - __main__ - INFO -   Evaluation progress: 3340/6621 batches (99.46 batches/s)
2026-04-16 19:01:21,487 - __main__ - INFO -   Evaluation progress: 3350/6621 batches (99.45 batches/s)
2026-04-16 19:01:21,591 - __main__ - INFO -   Evaluation progress: 3360/6621 batches (99.44 batches/s)
2026-04-16 19:01:21,694 - __main__ - INFO -   Evaluation progress: 3370/6621 batches (99.44 batches/s)
2026-04-16 19:01:21,795 - __main__ - INFO -   Evaluation progress: 3380/6621 batches (99.43 batches/s)
2026-04-16 19:01:21,899 - __main__ - INFO -   Evaluation progress: 3390/6621 batches (99.42 batches/s)
2026-04-16 19:01:22,002 - __main__ - INFO -   Evaluation progress: 3400/6621 batches (99.42 batches/s)
2026-04-16 19:01:22,107 - __main__ - INFO -   Evaluation progress: 3410/6621 batches (99.40 batches/s)
2026-04-16 19:01:22,208 - __main__ - INFO -   Evaluation progress: 3420/6621 batches (99.40 batches/s)
2026-04-16 19:01:22,309 - __main__ - INFO -   Evaluation progress: 3430/6621 batches (99.40 batches/s)
2026-04-16 19:01:22,409 - __main__ - INFO -   Evaluation progress: 3440/6621 batches (99.40 batches/s)
2026-04-16 19:01:22,511 - __main__ - INFO -   Evaluation progress: 3450/6621 batches (99.40 batches/s)
2026-04-16 19:01:22,610 - __main__ - INFO -   Evaluation progress: 3460/6621 batches (99.40 batches/s)
2026-04-16 19:01:22,708 - __main__ - INFO -   Evaluation progress: 3470/6621 batches (99.41 batches/s)
2026-04-16 19:01:22,808 - __main__ - INFO -   Evaluation progress: 3480/6621 batches (99.41 batches/s)
2026-04-16 19:01:22,907 - __main__ - INFO -   Evaluation progress: 3490/6621 batches (99.42 batches/s)
2026-04-16 19:01:23,004 - __main__ - INFO -   Evaluation progress: 3500/6621 batches (99.43 batches/s)
2026-04-16 19:01:23,102 - __main__ - INFO -   Evaluation progress: 3510/6621 batches (99.43 batches/s)
2026-04-16 19:01:23,202 - __main__ - INFO -   Evaluation progress: 3520/6621 batches (99.44 batches/s)
2026-04-16 19:01:23,301 - __main__ - INFO -   Evaluation progress: 3530/6621 batches (99.44 batches/s)
2026-04-16 19:01:23,399 - __main__ - INFO -   Evaluation progress: 3540/6621 batches (99.45 batches/s)
2026-04-16 19:01:23,496 - __main__ - INFO -   Evaluation progress: 3550/6621 batches (99.46 batches/s)
2026-04-16 19:01:23,594 - __main__ - INFO -   Evaluation progress: 3560/6621 batches (99.47 batches/s)
2026-04-16 19:01:23,691 - __main__ - INFO -   Evaluation progress: 3570/6621 batches (99.48 batches/s)
2026-04-16 19:01:23,788 - __main__ - INFO -   Evaluation progress: 3580/6621 batches (99.48 batches/s)
2026-04-16 19:01:23,885 - __main__ - INFO -   Evaluation progress: 3590/6621 batches (99.49 batches/s)
2026-04-16 19:01:23,983 - __main__ - INFO -   Evaluation progress: 3600/6621 batches (99.50 batches/s)
2026-04-16 19:01:24,081 - __main__ - INFO -   Evaluation progress: 3610/6621 batches (99.51 batches/s)
2026-04-16 19:01:24,182 - __main__ - INFO -   Evaluation progress: 3620/6621 batches (99.51 batches/s)
2026-04-16 19:01:24,280 - __main__ - INFO -   Evaluation progress: 3630/6621 batches (99.51 batches/s)
2026-04-16 19:01:24,377 - __main__ - INFO -   Evaluation progress: 3640/6621 batches (99.52 batches/s)
2026-04-16 19:01:24,475 - __main__ - INFO -   Evaluation progress: 3650/6621 batches (99.53 batches/s)
2026-04-16 19:01:24,575 - __main__ - INFO -   Evaluation progress: 3660/6621 batches (99.53 batches/s)
2026-04-16 19:01:24,674 - __main__ - INFO -   Evaluation progress: 3670/6621 batches (99.53 batches/s)
2026-04-16 19:01:24,772 - __main__ - INFO -   Evaluation progress: 3680/6621 batches (99.54 batches/s)
2026-04-16 19:01:24,871 - __main__ - INFO -   Evaluation progress: 3690/6621 batches (99.55 batches/s)
2026-04-16 19:01:24,967 - __main__ - INFO -   Evaluation progress: 3700/6621 batches (99.56 batches/s)
2026-04-16 19:01:25,065 - __main__ - INFO -   Evaluation progress: 3710/6621 batches (99.56 batches/s)
2026-04-16 19:01:25,169 - __main__ - INFO -   Evaluation progress: 3720/6621 batches (99.55 batches/s)
2026-04-16 19:01:25,267 - __main__ - INFO -   Evaluation progress: 3730/6621 batches (99.56 batches/s)
2026-04-16 19:01:25,366 - __main__ - INFO -   Evaluation progress: 3740/6621 batches (99.57 batches/s)
2026-04-16 19:01:25,468 - __main__ - INFO -   Evaluation progress: 3750/6621 batches (99.56 batches/s)
2026-04-16 19:01:25,568 - __main__ - INFO -   Evaluation progress: 3760/6621 batches (99.56 batches/s)
2026-04-16 19:01:25,667 - __main__ - INFO -   Evaluation progress: 3770/6621 batches (99.57 batches/s)
2026-04-16 19:01:25,766 - __main__ - INFO -   Evaluation progress: 3780/6621 batches (99.57 batches/s)
2026-04-16 19:01:25,864 - __main__ - INFO -   Evaluation progress: 3790/6621 batches (99.58 batches/s)
2026-04-16 19:01:25,964 - __main__ - INFO -   Evaluation progress: 3800/6621 batches (99.58 batches/s)
2026-04-16 19:01:26,062 - __main__ - INFO -   Evaluation progress: 3810/6621 batches (99.58 batches/s)
2026-04-16 19:01:26,159 - __main__ - INFO -   Evaluation progress: 3820/6621 batches (99.59 batches/s)
2026-04-16 19:01:26,258 - __main__ - INFO -   Evaluation progress: 3830/6621 batches (99.59 batches/s)
2026-04-16 19:01:26,357 - __main__ - INFO -   Evaluation progress: 3840/6621 batches (99.60 batches/s)
2026-04-16 19:01:26,457 - __main__ - INFO -   Evaluation progress: 3850/6621 batches (99.60 batches/s)
2026-04-16 19:01:26,556 - __main__ - INFO -   Evaluation progress: 3860/6621 batches (99.60 batches/s)
2026-04-16 19:01:26,654 - __main__ - INFO -   Evaluation progress: 3870/6621 batches (99.61 batches/s)
2026-04-16 19:01:26,753 - __main__ - INFO -   Evaluation progress: 3880/6621 batches (99.61 batches/s)
2026-04-16 19:01:26,858 - __main__ - INFO -   Evaluation progress: 3890/6621 batches (99.60 batches/s)
2026-04-16 19:01:26,958 - __main__ - INFO -   Evaluation progress: 3900/6621 batches (99.60 batches/s)
2026-04-16 19:01:27,056 - __main__ - INFO -   Evaluation progress: 3910/6621 batches (99.61 batches/s)
2026-04-16 19:01:27,154 - __main__ - INFO -   Evaluation progress: 3920/6621 batches (99.61 batches/s)
2026-04-16 19:01:27,253 - __main__ - INFO -   Evaluation progress: 3930/6621 batches (99.62 batches/s)
2026-04-16 19:01:27,351 - __main__ - INFO -   Evaluation progress: 3940/6621 batches (99.63 batches/s)
2026-04-16 19:01:27,451 - __main__ - INFO -   Evaluation progress: 3950/6621 batches (99.62 batches/s)
2026-04-16 19:01:27,551 - __main__ - INFO -   Evaluation progress: 3960/6621 batches (99.63 batches/s)
2026-04-16 19:01:27,648 - __main__ - INFO -   Evaluation progress: 3970/6621 batches (99.63 batches/s)
2026-04-16 19:01:27,746 - __main__ - INFO -   Evaluation progress: 3980/6621 batches (99.64 batches/s)
2026-04-16 19:01:27,844 - __main__ - INFO -   Evaluation progress: 3990/6621 batches (99.65 batches/s)
2026-04-16 19:01:27,941 - __main__ - INFO -   Evaluation progress: 4000/6621 batches (99.65 batches/s)
2026-04-16 19:01:28,039 - __main__ - INFO -   Evaluation progress: 4010/6621 batches (99.66 batches/s)
2026-04-16 19:01:28,137 - __main__ - INFO -   Evaluation progress: 4020/6621 batches (99.67 batches/s)
2026-04-16 19:01:28,236 - __main__ - INFO -   Evaluation progress: 4030/6621 batches (99.67 batches/s)
2026-04-16 19:01:28,333 - __main__ - INFO -   Evaluation progress: 4040/6621 batches (99.68 batches/s)
2026-04-16 19:01:28,430 - __main__ - INFO -   Evaluation progress: 4050/6621 batches (99.69 batches/s)
2026-04-16 19:01:28,528 - __main__ - INFO -   Evaluation progress: 4060/6621 batches (99.69 batches/s)
2026-04-16 19:01:28,625 - __main__ - INFO -   Evaluation progress: 4070/6621 batches (99.70 batches/s)
2026-04-16 19:01:28,723 - __main__ - INFO -   Evaluation progress: 4080/6621 batches (99.71 batches/s)
2026-04-16 19:01:28,819 - __main__ - INFO -   Evaluation progress: 4090/6621 batches (99.72 batches/s)
2026-04-16 19:01:28,915 - __main__ - INFO -   Evaluation progress: 4100/6621 batches (99.73 batches/s)
2026-04-16 19:01:29,011 - __main__ - INFO -   Evaluation progress: 4110/6621 batches (99.74 batches/s)
2026-04-16 19:01:29,107 - __main__ - INFO -   Evaluation progress: 4120/6621 batches (99.75 batches/s)
2026-04-16 19:01:29,204 - __main__ - INFO -   Evaluation progress: 4130/6621 batches (99.76 batches/s)
2026-04-16 19:01:29,301 - __main__ - INFO -   Evaluation progress: 4140/6621 batches (99.76 batches/s)
2026-04-16 19:01:29,399 - __main__ - INFO -   Evaluation progress: 4150/6621 batches (99.77 batches/s)
2026-04-16 19:01:29,496 - __main__ - INFO -   Evaluation progress: 4160/6621 batches (99.78 batches/s)
2026-04-16 19:01:29,595 - __main__ - INFO -   Evaluation progress: 4170/6621 batches (99.78 batches/s)
2026-04-16 19:01:29,693 - __main__ - INFO -   Evaluation progress: 4180/6621 batches (99.78 batches/s)
2026-04-16 19:01:29,790 - __main__ - INFO -   Evaluation progress: 4190/6621 batches (99.79 batches/s)
2026-04-16 19:01:29,887 - __main__ - INFO -   Evaluation progress: 4200/6621 batches (99.80 batches/s)
2026-04-16 19:01:29,983 - __main__ - INFO -   Evaluation progress: 4210/6621 batches (99.81 batches/s)
2026-04-16 19:01:30,082 - __main__ - INFO -   Evaluation progress: 4220/6621 batches (99.81 batches/s)
2026-04-16 19:01:30,179 - __main__ - INFO -   Evaluation progress: 4230/6621 batches (99.82 batches/s)
2026-04-16 19:01:30,276 - __main__ - INFO -   Evaluation progress: 4240/6621 batches (99.83 batches/s)
2026-04-16 19:01:30,372 - __main__ - INFO -   Evaluation progress: 4250/6621 batches (99.84 batches/s)
2026-04-16 19:01:30,468 - __main__ - INFO -   Evaluation progress: 4260/6621 batches (99.85 batches/s)
2026-04-16 19:01:30,566 - __main__ - INFO -   Evaluation progress: 4270/6621 batches (99.85 batches/s)
2026-04-16 19:01:30,664 - __main__ - INFO -   Evaluation progress: 4280/6621 batches (99.86 batches/s)
2026-04-16 19:01:30,761 - __main__ - INFO -   Evaluation progress: 4290/6621 batches (99.87 batches/s)
2026-04-16 19:01:30,857 - __main__ - INFO -   Evaluation progress: 4300/6621 batches (99.87 batches/s)
2026-04-16 19:01:30,956 - __main__ - INFO -   Evaluation progress: 4310/6621 batches (99.88 batches/s)
2026-04-16 19:01:31,053 - __main__ - INFO -   Evaluation progress: 4320/6621 batches (99.88 batches/s)
2026-04-16 19:01:31,151 - __main__ - INFO -   Evaluation progress: 4330/6621 batches (99.89 batches/s)
2026-04-16 19:01:31,248 - __main__ - INFO -   Evaluation progress: 4340/6621 batches (99.89 batches/s)
2026-04-16 19:01:31,345 - __main__ - INFO -   Evaluation progress: 4350/6621 batches (99.90 batches/s)
2026-04-16 19:01:31,441 - __main__ - INFO -   Evaluation progress: 4360/6621 batches (99.91 batches/s)
2026-04-16 19:01:31,537 - __main__ - INFO -   Evaluation progress: 4370/6621 batches (99.92 batches/s)
2026-04-16 19:01:31,634 - __main__ - INFO -   Evaluation progress: 4380/6621 batches (99.93 batches/s)
2026-04-16 19:01:31,732 - __main__ - INFO -   Evaluation progress: 4390/6621 batches (99.93 batches/s)
2026-04-16 19:01:31,830 - __main__ - INFO -   Evaluation progress: 4400/6621 batches (99.94 batches/s)
2026-04-16 19:01:31,927 - __main__ - INFO -   Evaluation progress: 4410/6621 batches (99.95 batches/s)
2026-04-16 19:01:32,025 - __main__ - INFO -   Evaluation progress: 4420/6621 batches (99.95 batches/s)
2026-04-16 19:01:32,122 - __main__ - INFO -   Evaluation progress: 4430/6621 batches (99.96 batches/s)
2026-04-16 19:01:32,218 - __main__ - INFO -   Evaluation progress: 4440/6621 batches (99.97 batches/s)
2026-04-16 19:01:32,317 - __main__ - INFO -   Evaluation progress: 4450/6621 batches (99.97 batches/s)
2026-04-16 19:01:32,416 - __main__ - INFO -   Evaluation progress: 4460/6621 batches (99.97 batches/s)
2026-04-16 19:01:32,517 - __main__ - INFO -   Evaluation progress: 4470/6621 batches (99.97 batches/s)
2026-04-16 19:01:32,615 - __main__ - INFO -   Evaluation progress: 4480/6621 batches (99.97 batches/s)
2026-04-16 19:01:32,711 - __main__ - INFO -   Evaluation progress: 4490/6621 batches (99.98 batches/s)
2026-04-16 19:01:32,809 - __main__ - INFO -   Evaluation progress: 4500/6621 batches (99.99 batches/s)
2026-04-16 19:01:32,908 - __main__ - INFO -   Evaluation progress: 4510/6621 batches (99.99 batches/s)
2026-04-16 19:01:33,006 - __main__ - INFO -   Evaluation progress: 4520/6621 batches (99.99 batches/s)
2026-04-16 19:01:33,102 - __main__ - INFO -   Evaluation progress: 4530/6621 batches (100.00 batches/s)
2026-04-16 19:01:33,198 - __main__ - INFO -   Evaluation progress: 4540/6621 batches (100.01 batches/s)
2026-04-16 19:01:33,295 - __main__ - INFO -   Evaluation progress: 4550/6621 batches (100.02 batches/s)
2026-04-16 19:01:33,392 - __main__ - INFO -   Evaluation progress: 4560/6621 batches (100.02 batches/s)
2026-04-16 19:01:33,488 - __main__ - INFO -   Evaluation progress: 4570/6621 batches (100.03 batches/s)
2026-04-16 19:01:33,584 - __main__ - INFO -   Evaluation progress: 4580/6621 batches (100.04 batches/s)
2026-04-16 19:01:33,680 - __main__ - INFO -   Evaluation progress: 4590/6621 batches (100.05 batches/s)
2026-04-16 19:01:33,783 - __main__ - INFO -   Evaluation progress: 4600/6621 batches (100.04 batches/s)
2026-04-16 19:01:33,884 - __main__ - INFO -   Evaluation progress: 4610/6621 batches (100.04 batches/s)
2026-04-16 19:01:33,984 - __main__ - INFO -   Evaluation progress: 4620/6621 batches (100.04 batches/s)
2026-04-16 19:01:34,080 - __main__ - INFO -   Evaluation progress: 4630/6621 batches (100.05 batches/s)
2026-04-16 19:01:34,175 - __main__ - INFO -   Evaluation progress: 4640/6621 batches (100.06 batches/s)
2026-04-16 19:01:34,272 - __main__ - INFO -   Evaluation progress: 4650/6621 batches (100.07 batches/s)
2026-04-16 19:01:34,368 - __main__ - INFO -   Evaluation progress: 4660/6621 batches (100.07 batches/s)
2026-04-16 19:01:34,466 - __main__ - INFO -   Evaluation progress: 4670/6621 batches (100.08 batches/s)
2026-04-16 19:01:34,563 - __main__ - INFO -   Evaluation progress: 4680/6621 batches (100.08 batches/s)
2026-04-16 19:01:34,660 - __main__ - INFO -   Evaluation progress: 4690/6621 batches (100.09 batches/s)
2026-04-16 19:01:34,755 - __main__ - INFO -   Evaluation progress: 4700/6621 batches (100.10 batches/s)
2026-04-16 19:01:34,851 - __main__ - INFO -   Evaluation progress: 4710/6621 batches (100.11 batches/s)
2026-04-16 19:01:34,947 - __main__ - INFO -   Evaluation progress: 4720/6621 batches (100.12 batches/s)
2026-04-16 19:01:35,044 - __main__ - INFO -   Evaluation progress: 4730/6621 batches (100.12 batches/s)
2026-04-16 19:01:35,140 - __main__ - INFO -   Evaluation progress: 4740/6621 batches (100.13 batches/s)
2026-04-16 19:01:35,236 - __main__ - INFO -   Evaluation progress: 4750/6621 batches (100.14 batches/s)
2026-04-16 19:01:35,333 - __main__ - INFO -   Evaluation progress: 4760/6621 batches (100.15 batches/s)
2026-04-16 19:01:35,430 - __main__ - INFO -   Evaluation progress: 4770/6621 batches (100.15 batches/s)
2026-04-16 19:01:35,527 - __main__ - INFO -   Evaluation progress: 4780/6621 batches (100.16 batches/s)
2026-04-16 19:01:35,624 - __main__ - INFO -   Evaluation progress: 4790/6621 batches (100.16 batches/s)
2026-04-16 19:01:35,722 - __main__ - INFO -   Evaluation progress: 4800/6621 batches (100.17 batches/s)
2026-04-16 19:01:35,819 - __main__ - INFO -   Evaluation progress: 4810/6621 batches (100.17 batches/s)
2026-04-16 19:01:35,916 - __main__ - INFO -   Evaluation progress: 4820/6621 batches (100.18 batches/s)
2026-04-16 19:01:36,013 - __main__ - INFO -   Evaluation progress: 4830/6621 batches (100.19 batches/s)
2026-04-16 19:01:36,109 - __main__ - INFO -   Evaluation progress: 4840/6621 batches (100.19 batches/s)
2026-04-16 19:01:36,205 - __main__ - INFO -   Evaluation progress: 4850/6621 batches (100.20 batches/s)
2026-04-16 19:01:36,302 - __main__ - INFO -   Evaluation progress: 4860/6621 batches (100.21 batches/s)
2026-04-16 19:01:36,399 - __main__ - INFO -   Evaluation progress: 4870/6621 batches (100.21 batches/s)
2026-04-16 19:01:36,500 - __main__ - INFO -   Evaluation progress: 4880/6621 batches (100.21 batches/s)
2026-04-16 19:01:36,601 - __main__ - INFO -   Evaluation progress: 4890/6621 batches (100.21 batches/s)
2026-04-16 19:01:36,698 - __main__ - INFO -   Evaluation progress: 4900/6621 batches (100.21 batches/s)
2026-04-16 19:01:36,793 - __main__ - INFO -   Evaluation progress: 4910/6621 batches (100.22 batches/s)
2026-04-16 19:01:36,889 - __main__ - INFO -   Evaluation progress: 4920/6621 batches (100.23 batches/s)
2026-04-16 19:01:36,987 - __main__ - INFO -   Evaluation progress: 4930/6621 batches (100.24 batches/s)
2026-04-16 19:01:37,083 - __main__ - INFO -   Evaluation progress: 4940/6621 batches (100.24 batches/s)
2026-04-16 19:01:37,181 - __main__ - INFO -   Evaluation progress: 4950/6621 batches (100.25 batches/s)
2026-04-16 19:01:37,278 - __main__ - INFO -   Evaluation progress: 4960/6621 batches (100.25 batches/s)
2026-04-16 19:01:37,376 - __main__ - INFO -   Evaluation progress: 4970/6621 batches (100.25 batches/s)
2026-04-16 19:01:37,477 - __main__ - INFO -   Evaluation progress: 4980/6621 batches (100.25 batches/s)
2026-04-16 19:01:37,578 - __main__ - INFO -   Evaluation progress: 4990/6621 batches (100.25 batches/s)
2026-04-16 19:01:37,677 - __main__ - INFO -   Evaluation progress: 5000/6621 batches (100.25 batches/s)
2026-04-16 19:01:37,775 - __main__ - INFO -   Evaluation progress: 5010/6621 batches (100.26 batches/s)
2026-04-16 19:01:37,872 - __main__ - INFO -   Evaluation progress: 5020/6621 batches (100.26 batches/s)
2026-04-16 19:01:37,971 - __main__ - INFO -   Evaluation progress: 5030/6621 batches (100.26 batches/s)
2026-04-16 19:01:38,074 - __main__ - INFO -   Evaluation progress: 5040/6621 batches (100.26 batches/s)
2026-04-16 19:01:38,176 - __main__ - INFO -   Evaluation progress: 5050/6621 batches (100.25 batches/s)
2026-04-16 19:01:38,278 - __main__ - INFO -   Evaluation progress: 5060/6621 batches (100.25 batches/s)
2026-04-16 19:01:38,376 - __main__ - INFO -   Evaluation progress: 5070/6621 batches (100.25 batches/s)
2026-04-16 19:01:38,475 - __main__ - INFO -   Evaluation progress: 5080/6621 batches (100.25 batches/s)
2026-04-16 19:01:38,576 - __main__ - INFO -   Evaluation progress: 5090/6621 batches (100.25 batches/s)
2026-04-16 19:01:38,673 - __main__ - INFO -   Evaluation progress: 5100/6621 batches (100.25 batches/s)
2026-04-16 19:01:38,772 - __main__ - INFO -   Evaluation progress: 5110/6621 batches (100.26 batches/s)
2026-04-16 19:01:38,870 - __main__ - INFO -   Evaluation progress: 5120/6621 batches (100.26 batches/s)
2026-04-16 19:01:38,968 - __main__ - INFO -   Evaluation progress: 5130/6621 batches (100.26 batches/s)
2026-04-16 19:01:39,069 - __main__ - INFO -   Evaluation progress: 5140/6621 batches (100.26 batches/s)
2026-04-16 19:01:39,172 - __main__ - INFO -   Evaluation progress: 5150/6621 batches (100.25 batches/s)
2026-04-16 19:01:39,273 - __main__ - INFO -   Evaluation progress: 5160/6621 batches (100.25 batches/s)
2026-04-16 19:01:39,374 - __main__ - INFO -   Evaluation progress: 5170/6621 batches (100.25 batches/s)
2026-04-16 19:01:39,473 - __main__ - INFO -   Evaluation progress: 5180/6621 batches (100.25 batches/s)
2026-04-16 19:01:39,570 - __main__ - INFO -   Evaluation progress: 5190/6621 batches (100.26 batches/s)
2026-04-16 19:01:39,667 - __main__ - INFO -   Evaluation progress: 5200/6621 batches (100.26 batches/s)
2026-04-16 19:01:39,765 - __main__ - INFO -   Evaluation progress: 5210/6621 batches (100.26 batches/s)
2026-04-16 19:01:39,864 - __main__ - INFO -   Evaluation progress: 5220/6621 batches (100.27 batches/s)
2026-04-16 19:01:39,963 - __main__ - INFO -   Evaluation progress: 5230/6621 batches (100.27 batches/s)
2026-04-16 19:01:40,060 - __main__ - INFO -   Evaluation progress: 5240/6621 batches (100.27 batches/s)
2026-04-16 19:01:40,156 - __main__ - INFO -   Evaluation progress: 5250/6621 batches (100.28 batches/s)
2026-04-16 19:01:40,254 - __main__ - INFO -   Evaluation progress: 5260/6621 batches (100.28 batches/s)
2026-04-16 19:01:40,353 - __main__ - INFO -   Evaluation progress: 5270/6621 batches (100.29 batches/s)
2026-04-16 19:01:40,449 - __main__ - INFO -   Evaluation progress: 5280/6621 batches (100.29 batches/s)
2026-04-16 19:01:40,547 - __main__ - INFO -   Evaluation progress: 5290/6621 batches (100.30 batches/s)
2026-04-16 19:01:40,645 - __main__ - INFO -   Evaluation progress: 5300/6621 batches (100.30 batches/s)
2026-04-16 19:01:40,742 - __main__ - INFO -   Evaluation progress: 5310/6621 batches (100.30 batches/s)
2026-04-16 19:01:40,840 - __main__ - INFO -   Evaluation progress: 5320/6621 batches (100.31 batches/s)
2026-04-16 19:01:40,938 - __main__ - INFO -   Evaluation progress: 5330/6621 batches (100.31 batches/s)
2026-04-16 19:01:41,036 - __main__ - INFO -   Evaluation progress: 5340/6621 batches (100.31 batches/s)
2026-04-16 19:01:41,135 - __main__ - INFO -   Evaluation progress: 5350/6621 batches (100.31 batches/s)
2026-04-16 19:01:41,234 - __main__ - INFO -   Evaluation progress: 5360/6621 batches (100.32 batches/s)
2026-04-16 19:01:41,332 - __main__ - INFO -   Evaluation progress: 5370/6621 batches (100.32 batches/s)
2026-04-16 19:01:41,428 - __main__ - INFO -   Evaluation progress: 5380/6621 batches (100.33 batches/s)
2026-04-16 19:01:41,526 - __main__ - INFO -   Evaluation progress: 5390/6621 batches (100.33 batches/s)
2026-04-16 19:01:41,624 - __main__ - INFO -   Evaluation progress: 5400/6621 batches (100.33 batches/s)
2026-04-16 19:01:41,722 - __main__ - INFO -   Evaluation progress: 5410/6621 batches (100.33 batches/s)
2026-04-16 19:01:41,819 - __main__ - INFO -   Evaluation progress: 5420/6621 batches (100.34 batches/s)
2026-04-16 19:01:41,915 - __main__ - INFO -   Evaluation progress: 5430/6621 batches (100.35 batches/s)
2026-04-16 19:01:42,011 - __main__ - INFO -   Evaluation progress: 5440/6621 batches (100.35 batches/s)
2026-04-16 19:01:42,108 - __main__ - INFO -   Evaluation progress: 5450/6621 batches (100.36 batches/s)
2026-04-16 19:01:42,210 - __main__ - INFO -   Evaluation progress: 5460/6621 batches (100.35 batches/s)
2026-04-16 19:01:42,310 - __main__ - INFO -   Evaluation progress: 5470/6621 batches (100.35 batches/s)
2026-04-16 19:01:42,411 - __main__ - INFO -   Evaluation progress: 5480/6621 batches (100.35 batches/s)
2026-04-16 19:01:42,509 - __main__ - INFO -   Evaluation progress: 5490/6621 batches (100.35 batches/s)
2026-04-16 19:01:42,606 - __main__ - INFO -   Evaluation progress: 5500/6621 batches (100.36 batches/s)
2026-04-16 19:01:42,703 - __main__ - INFO -   Evaluation progress: 5510/6621 batches (100.36 batches/s)
2026-04-16 19:01:42,800 - __main__ - INFO -   Evaluation progress: 5520/6621 batches (100.37 batches/s)
2026-04-16 19:01:42,898 - __main__ - INFO -   Evaluation progress: 5530/6621 batches (100.37 batches/s)
2026-04-16 19:01:42,996 - __main__ - INFO -   Evaluation progress: 5540/6621 batches (100.37 batches/s)
2026-04-16 19:01:43,095 - __main__ - INFO -   Evaluation progress: 5550/6621 batches (100.38 batches/s)
2026-04-16 19:01:43,194 - __main__ - INFO -   Evaluation progress: 5560/6621 batches (100.38 batches/s)
2026-04-16 19:01:43,290 - __main__ - INFO -   Evaluation progress: 5570/6621 batches (100.38 batches/s)
2026-04-16 19:01:43,387 - __main__ - INFO -   Evaluation progress: 5580/6621 batches (100.39 batches/s)
2026-04-16 19:01:43,485 - __main__ - INFO -   Evaluation progress: 5590/6621 batches (100.39 batches/s)
2026-04-16 19:01:43,583 - __main__ - INFO -   Evaluation progress: 5600/6621 batches (100.39 batches/s)
2026-04-16 19:01:43,684 - __main__ - INFO -   Evaluation progress: 5610/6621 batches (100.39 batches/s)
2026-04-16 19:01:43,781 - __main__ - INFO -   Evaluation progress: 5620/6621 batches (100.40 batches/s)
2026-04-16 19:01:43,879 - __main__ - INFO -   Evaluation progress: 5630/6621 batches (100.40 batches/s)
2026-04-16 19:01:43,976 - __main__ - INFO -   Evaluation progress: 5640/6621 batches (100.40 batches/s)
2026-04-16 19:01:44,074 - __main__ - INFO -   Evaluation progress: 5650/6621 batches (100.41 batches/s)
2026-04-16 19:01:44,171 - __main__ - INFO -   Evaluation progress: 5660/6621 batches (100.41 batches/s)
2026-04-16 19:01:44,268 - __main__ - INFO -   Evaluation progress: 5670/6621 batches (100.41 batches/s)
2026-04-16 19:01:44,366 - __main__ - INFO -   Evaluation progress: 5680/6621 batches (100.42 batches/s)
2026-04-16 19:01:44,464 - __main__ - INFO -   Evaluation progress: 5690/6621 batches (100.42 batches/s)
2026-04-16 19:01:44,563 - __main__ - INFO -   Evaluation progress: 5700/6621 batches (100.42 batches/s)
2026-04-16 19:01:44,662 - __main__ - INFO -   Evaluation progress: 5710/6621 batches (100.42 batches/s)
2026-04-16 19:01:44,760 - __main__ - INFO -   Evaluation progress: 5720/6621 batches (100.43 batches/s)
2026-04-16 19:01:44,858 - __main__ - INFO -   Evaluation progress: 5730/6621 batches (100.43 batches/s)
2026-04-16 19:01:44,957 - __main__ - INFO -   Evaluation progress: 5740/6621 batches (100.43 batches/s)
2026-04-16 19:01:45,055 - __main__ - INFO -   Evaluation progress: 5750/6621 batches (100.43 batches/s)
2026-04-16 19:01:45,152 - __main__ - INFO -   Evaluation progress: 5760/6621 batches (100.44 batches/s)
2026-04-16 19:01:45,250 - __main__ - INFO -   Evaluation progress: 5770/6621 batches (100.44 batches/s)
2026-04-16 19:01:45,348 - __main__ - INFO -   Evaluation progress: 5780/6621 batches (100.44 batches/s)
2026-04-16 19:01:45,446 - __main__ - INFO -   Evaluation progress: 5790/6621 batches (100.44 batches/s)
2026-04-16 19:01:45,544 - __main__ - INFO -   Evaluation progress: 5800/6621 batches (100.45 batches/s)
2026-04-16 19:01:45,641 - __main__ - INFO -   Evaluation progress: 5810/6621 batches (100.45 batches/s)
2026-04-16 19:01:45,739 - __main__ - INFO -   Evaluation progress: 5820/6621 batches (100.46 batches/s)
2026-04-16 19:01:45,835 - __main__ - INFO -   Evaluation progress: 5830/6621 batches (100.46 batches/s)
2026-04-16 19:01:45,933 - __main__ - INFO -   Evaluation progress: 5840/6621 batches (100.46 batches/s)
2026-04-16 19:01:46,030 - __main__ - INFO -   Evaluation progress: 5850/6621 batches (100.47 batches/s)
2026-04-16 19:01:46,128 - __main__ - INFO -   Evaluation progress: 5860/6621 batches (100.47 batches/s)
2026-04-16 19:01:46,226 - __main__ - INFO -   Evaluation progress: 5870/6621 batches (100.47 batches/s)
2026-04-16 19:01:46,325 - __main__ - INFO -   Evaluation progress: 5880/6621 batches (100.47 batches/s)
2026-04-16 19:01:46,427 - __main__ - INFO -   Evaluation progress: 5890/6621 batches (100.47 batches/s)
2026-04-16 19:01:46,525 - __main__ - INFO -   Evaluation progress: 5900/6621 batches (100.47 batches/s)
2026-04-16 19:01:46,623 - __main__ - INFO -   Evaluation progress: 5910/6621 batches (100.48 batches/s)
2026-04-16 19:01:46,721 - __main__ - INFO -   Evaluation progress: 5920/6621 batches (100.48 batches/s)
2026-04-16 19:01:46,819 - __main__ - INFO -   Evaluation progress: 5930/6621 batches (100.48 batches/s)
2026-04-16 19:01:46,916 - __main__ - INFO -   Evaluation progress: 5940/6621 batches (100.49 batches/s)
2026-04-16 19:01:47,012 - __main__ - INFO -   Evaluation progress: 5950/6621 batches (100.49 batches/s)
2026-04-16 19:01:47,109 - __main__ - INFO -   Evaluation progress: 5960/6621 batches (100.49 batches/s)
2026-04-16 19:01:47,207 - __main__ - INFO -   Evaluation progress: 5970/6621 batches (100.50 batches/s)
2026-04-16 19:01:47,305 - __main__ - INFO -   Evaluation progress: 5980/6621 batches (100.50 batches/s)
2026-04-16 19:01:47,405 - __main__ - INFO -   Evaluation progress: 5990/6621 batches (100.50 batches/s)
2026-04-16 19:01:47,509 - __main__ - INFO -   Evaluation progress: 6000/6621 batches (100.49 batches/s)
2026-04-16 19:01:47,608 - __main__ - INFO -   Evaluation progress: 6010/6621 batches (100.49 batches/s)
2026-04-16 19:01:47,705 - __main__ - INFO -   Evaluation progress: 6020/6621 batches (100.50 batches/s)
2026-04-16 19:01:47,804 - __main__ - INFO -   Evaluation progress: 6030/6621 batches (100.50 batches/s)
2026-04-16 19:01:47,904 - __main__ - INFO -   Evaluation progress: 6040/6621 batches (100.50 batches/s)
2026-04-16 19:01:48,001 - __main__ - INFO -   Evaluation progress: 6050/6621 batches (100.50 batches/s)
2026-04-16 19:01:48,099 - __main__ - INFO -   Evaluation progress: 6060/6621 batches (100.50 batches/s)
2026-04-16 19:01:48,198 - __main__ - INFO -   Evaluation progress: 6070/6621 batches (100.51 batches/s)
2026-04-16 19:01:48,298 - __main__ - INFO -   Evaluation progress: 6080/6621 batches (100.50 batches/s)
2026-04-16 19:01:48,397 - __main__ - INFO -   Evaluation progress: 6090/6621 batches (100.50 batches/s)
2026-04-16 19:01:48,495 - __main__ - INFO -   Evaluation progress: 6100/6621 batches (100.51 batches/s)
2026-04-16 19:01:48,594 - __main__ - INFO -   Evaluation progress: 6110/6621 batches (100.51 batches/s)
2026-04-16 19:01:48,692 - __main__ - INFO -   Evaluation progress: 6120/6621 batches (100.51 batches/s)
2026-04-16 19:01:48,792 - __main__ - INFO -   Evaluation progress: 6130/6621 batches (100.51 batches/s)
2026-04-16 19:01:48,891 - __main__ - INFO -   Evaluation progress: 6140/6621 batches (100.51 batches/s)
2026-04-16 19:01:48,988 - __main__ - INFO -   Evaluation progress: 6150/6621 batches (100.51 batches/s)
2026-04-16 19:01:49,086 - __main__ - INFO -   Evaluation progress: 6160/6621 batches (100.52 batches/s)
2026-04-16 19:01:49,183 - __main__ - INFO -   Evaluation progress: 6170/6621 batches (100.52 batches/s)
2026-04-16 19:01:49,281 - __main__ - INFO -   Evaluation progress: 6180/6621 batches (100.52 batches/s)
2026-04-16 19:01:49,380 - __main__ - INFO -   Evaluation progress: 6190/6621 batches (100.52 batches/s)
2026-04-16 19:01:49,476 - __main__ - INFO -   Evaluation progress: 6200/6621 batches (100.53 batches/s)
2026-04-16 19:01:49,577 - __main__ - INFO -   Evaluation progress: 6210/6621 batches (100.53 batches/s)
2026-04-16 19:01:49,678 - __main__ - INFO -   Evaluation progress: 6220/6621 batches (100.52 batches/s)
2026-04-16 19:01:49,777 - __main__ - INFO -   Evaluation progress: 6230/6621 batches (100.52 batches/s)
2026-04-16 19:01:49,876 - __main__ - INFO -   Evaluation progress: 6240/6621 batches (100.53 batches/s)
2026-04-16 19:01:49,976 - __main__ - INFO -   Evaluation progress: 6250/6621 batches (100.53 batches/s)
2026-04-16 19:01:50,074 - __main__ - INFO -   Evaluation progress: 6260/6621 batches (100.53 batches/s)
2026-04-16 19:01:50,171 - __main__ - INFO -   Evaluation progress: 6270/6621 batches (100.53 batches/s)
2026-04-16 19:01:50,270 - __main__ - INFO -   Evaluation progress: 6280/6621 batches (100.53 batches/s)
2026-04-16 19:01:50,369 - __main__ - INFO -   Evaluation progress: 6290/6621 batches (100.53 batches/s)
2026-04-16 19:01:50,468 - __main__ - INFO -   Evaluation progress: 6300/6621 batches (100.53 batches/s)
2026-04-16 19:01:50,570 - __main__ - INFO -   Evaluation progress: 6310/6621 batches (100.53 batches/s)
2026-04-16 19:01:50,667 - __main__ - INFO -   Evaluation progress: 6320/6621 batches (100.53 batches/s)
2026-04-16 19:01:50,764 - __main__ - INFO -   Evaluation progress: 6330/6621 batches (100.54 batches/s)
2026-04-16 19:01:50,863 - __main__ - INFO -   Evaluation progress: 6340/6621 batches (100.54 batches/s)
2026-04-16 19:01:50,961 - __main__ - INFO -   Evaluation progress: 6350/6621 batches (100.54 batches/s)
2026-04-16 19:01:51,057 - __main__ - INFO -   Evaluation progress: 6360/6621 batches (100.55 batches/s)
2026-04-16 19:01:51,155 - __main__ - INFO -   Evaluation progress: 6370/6621 batches (100.55 batches/s)
2026-04-16 19:01:51,251 - __main__ - INFO -   Evaluation progress: 6380/6621 batches (100.55 batches/s)
2026-04-16 19:01:51,348 - __main__ - INFO -   Evaluation progress: 6390/6621 batches (100.56 batches/s)
2026-04-16 19:01:51,445 - __main__ - INFO -   Evaluation progress: 6400/6621 batches (100.56 batches/s)
2026-04-16 19:01:51,542 - __main__ - INFO -   Evaluation progress: 6410/6621 batches (100.56 batches/s)
2026-04-16 19:01:51,641 - __main__ - INFO -   Evaluation progress: 6420/6621 batches (100.57 batches/s)
2026-04-16 19:01:51,739 - __main__ - INFO -   Evaluation progress: 6430/6621 batches (100.57 batches/s)
2026-04-16 19:01:51,838 - __main__ - INFO -   Evaluation progress: 6440/6621 batches (100.57 batches/s)
2026-04-16 19:01:51,935 - __main__ - INFO -   Evaluation progress: 6450/6621 batches (100.57 batches/s)
2026-04-16 19:01:52,033 - __main__ - INFO -   Evaluation progress: 6460/6621 batches (100.58 batches/s)
2026-04-16 19:01:52,131 - __main__ - INFO -   Evaluation progress: 6470/6621 batches (100.58 batches/s)
2026-04-16 19:01:52,229 - __main__ - INFO -   Evaluation progress: 6480/6621 batches (100.58 batches/s)
2026-04-16 19:01:52,327 - __main__ - INFO -   Evaluation progress: 6490/6621 batches (100.58 batches/s)
2026-04-16 19:01:52,424 - __main__ - INFO -   Evaluation progress: 6500/6621 batches (100.59 batches/s)
2026-04-16 19:01:52,527 - __main__ - INFO -   Evaluation progress: 6510/6621 batches (100.58 batches/s)
2026-04-16 19:01:52,627 - __main__ - INFO -   Evaluation progress: 6520/6621 batches (100.58 batches/s)
2026-04-16 19:01:52,726 - __main__ - INFO -   Evaluation progress: 6530/6621 batches (100.58 batches/s)
2026-04-16 19:01:52,823 - __main__ - INFO -   Evaluation progress: 6540/6621 batches (100.58 batches/s)
2026-04-16 19:01:52,924 - __main__ - INFO -   Evaluation progress: 6550/6621 batches (100.58 batches/s)
2026-04-16 19:01:53,021 - __main__ - INFO -   Evaluation progress: 6560/6621 batches (100.58 batches/s)
2026-04-16 19:01:53,119 - __main__ - INFO -   Evaluation progress: 6570/6621 batches (100.59 batches/s)
2026-04-16 19:01:53,216 - __main__ - INFO -   Evaluation progress: 6580/6621 batches (100.59 batches/s)
2026-04-16 19:01:53,318 - __main__ - INFO -   Evaluation progress: 6590/6621 batches (100.59 batches/s)
2026-04-16 19:01:53,415 - __main__ - INFO -   Evaluation progress: 6600/6621 batches (100.59 batches/s)
2026-04-16 19:01:53,512 - __main__ - INFO -   Evaluation progress: 6610/6621 batches (100.60 batches/s)
2026-04-16 19:01:53,609 - __main__ - INFO -   Evaluation progress: 6620/6621 batches (100.60 batches/s)
2026-04-16 19:01:53,672 - __main__ - INFO - Evaluation complete in 65.87s
2026-04-16 19:01:53,673 - __main__ - INFO -   Loss: 0.6403, Accuracy: 0.8881, Precision: 0.0002, Recall: 0.0154, F1: 0.0003
2026-04-16 19:01:53,673 - __main__ - INFO -   TP: 1, FP: 5864, TN: 47033, FN: 64
2026-04-16 19:01:53,673 - __main__ - INFO - Dev Loss: 0.6403
2026-04-16 19:01:53,673 - __main__ - INFO - Dev Accuracy: 0.8881
2026-04-16 19:01:53,673 - __main__ - INFO - Dev Precision: 0.0002
2026-04-16 19:01:53,673 - __main__ - INFO - Dev Recall: 0.0154
2026-04-16 19:01:53,673 - __main__ - INFO - Dev F1: 0.0003
2026-04-16 19:01:53,673 - __main__ - INFO -   TP: 1, FP: 5864, TN: 47033, FN: 64
2026-04-16 19:01:53,673 - __main__ - INFO -   New best F1! Saving best model...
2026-04-16 19:01:54,230 - __main__ - INFO - Saved checkpoint to checkpoints/validation/best/checkpoint_epoch_1.pt
2026-04-16 19:01:54,760 - __main__ - INFO - Saved checkpoint to checkpoints/validation/checkpoint_epoch_1.pt
2026-04-16 19:01:54,760 - __main__ - INFO - Training complete in 66.96s!
2026-04-16 19:01:54,760 - __main__ - INFO - Best F1: 0.0003 at epoch 1
2026-04-16 19:01:54,760 - __main__ - INFO - ================================================================================
2026-04-16 19:01:54,760 - __main__ - INFO - Done!
2026-04-16 19:01:54,760 - __main__ - INFO - ================================================================================
2026-04-16 19:01:54,760 - __main__ - INFO - Log file: /workspace/irc-disentanglement-bert-pytorch/logs/train_20260416_190045.log
